\BOOKMARK [0][-]{section*.2}{Ringraziamenti}{}% 1
\BOOKMARK [0][-]{section*.4}{Sommario}{}% 2
\BOOKMARK [0][-]{chapter.1}{Introduzione}{}% 3
\BOOKMARK [1][-]{section.1.1}{L'azienda}{chapter.1}% 4
\BOOKMARK [1][-]{section.1.2}{L'idea}{chapter.1}% 5
\BOOKMARK [1][-]{section.1.3}{Organizzazione\040del\040testo}{chapter.1}% 6
\BOOKMARK [0][-]{chapter.2}{Processi\040e\040metodologie}{}% 7
\BOOKMARK [1][-]{section.2.1}{Contesto}{chapter.2}% 8
\BOOKMARK [1][-]{section.2.2}{Introduzione\040al\040progetto}{chapter.2}% 9
\BOOKMARK [1][-]{section.2.3}{Vincoli\040temporali,\040tecnologici\040e\040metodologici}{chapter.2}% 10
\BOOKMARK [1][-]{section.2.4}{Requisiti\040e\040obiettivi}{chapter.2}% 11
\BOOKMARK [1][-]{section.2.5}{Pianificazione}{chapter.2}% 12
\BOOKMARK [1][-]{section.2.6}{Ambiente\040di\040lavoro}{chapter.2}% 13
\BOOKMARK [2][-]{subsection.2.6.1}{Metodi\040di\040sviluppo}{section.2.6}% 14
\BOOKMARK [2][-]{subsection.2.6.2}{Gestione\040di\040progetto}{section.2.6}% 15
\BOOKMARK [2][-]{subsection.2.6.3}{Linguaggio\040di\040programmazione\040e\040ambiente\040di\040sviluppo}{section.2.6}% 16
\BOOKMARK [1][-]{section.2.7}{Analisi\040dei\040rischi}{chapter.2}% 17
\BOOKMARK [0][-]{chapter.3}{Tecnologie\040e\040strumenti}{}% 18
\BOOKMARK [1][-]{section.3.1}{Tecnologie}{chapter.3}% 19
\BOOKMARK [2][-]{subsection.3.1.1}{Python}{section.3.1}% 20
\BOOKMARK [2][-]{subsection.3.1.2}{ORM\040Api}{section.3.1}% 21
\BOOKMARK [2][-]{subsection.3.1.3}{XML/XPATH}{section.3.1}% 22
\BOOKMARK [1][-]{section.3.2}{Strumenti}{chapter.3}% 23
\BOOKMARK [2][-]{subsection.3.2.1}{OpenProject}{section.3.2}% 24
\BOOKMARK [2][-]{subsection.3.2.2}{PostgreSQL}{section.3.2}% 25
\BOOKMARK [2][-]{subsection.3.2.3}{PyCharm}{section.3.2}% 26
\BOOKMARK [2][-]{subsection.3.2.4}{pgAdmin\0404}{section.3.2}% 27
\BOOKMARK [2][-]{subsection.3.2.5}{Homebrew}{section.3.2}% 28
\BOOKMARK [2][-]{subsection.3.2.6}{PIP}{section.3.2}% 29
\BOOKMARK [2][-]{subsection.3.2.7}{Odoo}{section.3.2}% 30
\BOOKMARK [0][-]{chapter.4}{Moduli\040Food-and-beverage}{}% 31
\BOOKMARK [1][-]{section.4.1}{Modulo\040odoo\040standard}{chapter.4}% 32
\BOOKMARK [2][-]{subsection.4.1.1}{Composizione\040di\040un\040modulo}{section.4.1}% 33
\BOOKMARK [2][-]{subsection.4.1.2}{Struttura\040di\040un\040modulo}{section.4.1}% 34
\BOOKMARK [1][-]{section.4.2}{Moduli\040sviluppati}{chapter.4}% 35
\BOOKMARK [2][-]{subsection.4.2.1}{Limite\040di\040credito\040del\040partner}{section.4.2}% 36
\BOOKMARK [1][-]{section.4.3}{Canali\040di\040Vendita}{chapter.4}% 37
\BOOKMARK [1][-]{section.4.4}{Gestione\040imballi}{chapter.4}% 38
\BOOKMARK [0][-]{chapter.5}{Test\040e\040validazione}{}% 39
\BOOKMARK [1][-]{section.5.1}{Test\040di\040sistema\040e\040collaudo}{chapter.5}% 40
\BOOKMARK [2][-]{subsection.5.1.1}{Limite\040di\040credito\040del\040partner}{section.5.1}% 41
\BOOKMARK [2][-]{subsection.5.1.2}{Canali\040di\040Vendita}{section.5.1}% 42
\BOOKMARK [2][-]{subsection.5.1.3}{Gestione\040imballi}{section.5.1}% 43
\BOOKMARK [1][-]{section.5.2}{Test di Unità}{chapter.5}% 44
\BOOKMARK [0][-]{chapter.6}{Conclusioni}{}% 45
\BOOKMARK [1][-]{section.6.1}{Consuntivo\040finale}{chapter.6}% 46
\BOOKMARK [1][-]{section.6.2}{Raggiungimento\040degli\040obiettivi}{chapter.6}% 47
\BOOKMARK [1][-]{section.6.3}{Conoscenze\040acquisite}{chapter.6}% 48
\BOOKMARK [1][-]{section.6.4}{Sviluppi\040futuri\040del\040software}{chapter.6}% 49
\BOOKMARK [1][-]{section.6.5}{Valutazione\040personale}{chapter.6}% 50
\BOOKMARK [0][-]{section*.44}{Glossario}{}% 51
\BOOKMARK [0][-]{section*.46}{Acronimi}{}% 52
\BOOKMARK [0][-]{section*.49}{Riferimenti\040bibliografici}{}% 53
